2014-12-04 22:26:36,416 WARN received SIGHUP indicating restart request
2014-12-04 22:26:36,417 CRIT unknown problem killing gunicorn (1322):Traceback (most recent call last):
  File "/home/ubuntu/env/local/lib/python2.7/site-packages/supervisor/process.py", line 417, in kill
    options.kill(pid, sig)
  File "/home/ubuntu/env/local/lib/python2.7/site-packages/supervisor/options.py", line 1171, in kill
    os.kill(pid, signal)
OSError: [Errno 1] Operation not permitted

2014-12-05 02:59:45,541 WARN received SIGTERM indicating exit request
2014-12-05 02:59:45,541 CRIT unknown problem killing gunicorn (2087):Traceback (most recent call last):
  File "/home/ubuntu/env/local/lib/python2.7/site-packages/supervisor/process.py", line 417, in kill
    options.kill(pid, sig)
  File "/home/ubuntu/env/local/lib/python2.7/site-packages/supervisor/options.py", line 1171, in kill
    os.kill(pid, signal)
OSError: [Errno 1] Operation not permitted

2014-12-05 03:11:14,580 WARN received SIGTERM indicating exit request
2014-12-05 03:11:14,580 CRIT unknown problem killing gunicorn (2165):Traceback (most recent call last):
  File "/home/ubuntu/env/local/lib/python2.7/site-packages/supervisor/process.py", line 417, in kill
    options.kill(pid, sig)
  File "/home/ubuntu/env/local/lib/python2.7/site-packages/supervisor/options.py", line 1171, in kill
    os.kill(pid, signal)
OSError: [Errno 1] Operation not permitted

